$ mvn -q -DskipTests package
exit_code: 1
elapsed: 5.988 s

=== STDOUT ===
[[1;31mERROR[m] Failed to execute goal [32morg.apache.maven.plugins:maven-compiler-plugin:3.8.0:compile[m [1m(default-compile)[m on project [36mspring-boot-assembly[m: [1;31mFatal error compiling[m: java.lang.ExceptionInInitializerError: Unable to make field private com.sun.tools.javac.processing.JavacProcessingEnvironment$DiscoveredProcessors com.sun.tools.javac.processing.JavacProcessingEnvironment.discoveredProcs accessible: module jdk.compiler does not "opens com.sun.tools.javac.processing" to unnamed module @644a3add -> [1m[Help 1][m
[[1;31mERROR[m] 
[[1;31mERROR[m] To see the full stack trace of the errors, re-run Maven with the [1m-e[m switch.
[[1;31mERROR[m] Re-run Maven using the [1m-X[m switch to enable full debug logging.
[[1;31mERROR[m] 
[[1;31mERROR[m] For more information about the errors and possible solutions, please read the following articles:
[[1;31mERROR[m] [1m[Help 1][m http://cwiki.apache.org/confluence/display/MAVEN/MojoExecutionException


