$ mvn -q -DskipTests clean package
exit_code: 1
elapsed: 1.509 s

=== STDOUT ===
[[1;31mERROR[m] [ERROR] Some problems were encountered while processing the POMs:
[ERROR] Resolving expression: '${dockerPassword}': Detected the following recursive expression cycle in 'dockerPassword': [dockerPassword] @ 
[ERROR] Resolving expression: '${dockerPassword}': Detected the following recursive expression cycle in 'dockerPassword': [dockerPassword] @ 
 @ 
[[1;31mERROR[m] The build could not read 1 project -> [1m[Help 1][m
[[1;31mERROR[m]   
[[1;31mERROR[m]   The project com.ecommerce.microservice:ecommerce:1.0-SNAPSHOT (/home/duongnv48/Desktop/benchmark-sbom-tools/binary/repos/java/ecommerce-spring-boot-microservices-mrnileshrathod/pom.xml) has 2 errors
[[1;31mERROR[m]     Resolving expression: '${dockerPassword}': Detected the following recursive expression cycle in 'dockerPassword': [dockerPassword] -> [1m[Help 2][m
[[1;31mERROR[m]     Resolving expression: '${dockerPassword}': Detected the following recursive expression cycle in 'dockerPassword': [dockerPassword] -> [1m[Help 2][m
[[1;31mERROR[m] 
[[1;31mERROR[m] To see the full stack trace of the errors, re-run Maven with the [1m-e[m switch.
[[1;31mERROR[m] Re-run Maven using the [1m-X[m switch to enable full debug logging.
[[1;31mERROR[m] 
[[1;31mERROR[m] For more information about the errors and possible solutions, please read the following articles:
[[1;31mERROR[m] [1m[Help 1][m http://cwiki.apache.org/confluence/display/MAVEN/ProjectBuildingException
[[1;31mERROR[m] [1m[Help 2][m http://cwiki.apache.org/confluence/display/MAVEN/InterpolationCycleException


