CMD: ./mvnw -q -DskipTests package
EXIT_CODE: 1

==== STDOUT ====
Warning: JAVA_HOME environment variable is not set.
[ERROR] COMPILATION ERROR : 
[ERROR] /home/duongnv48/Desktop/benchmark-sbom-tools/binary/repos/java/blog-application-using-spring-boot/src/main/java/com/Blog_Application/Security/jwtTokenHelper.java:[27,39] cannot find symbol
  symbol:   method getAllClaimsFromToken(java.lang.String)
  location: class com.Blog_Application.Security.jwtTokenHelper
[ERROR] Failed to execute goal org.apache.maven.plugins:maven-compiler-plugin:3.11.0:compile (default-compile) on project Blog_Application_Spring-Boot: Compilation failure
[ERROR] /home/duongnv48/Desktop/benchmark-sbom-tools/binary/repos/java/blog-application-using-spring-boot/src/main/java/com/Blog_Application/Security/jwtTokenHelper.java:[27,39] cannot find symbol
[ERROR]   symbol:   method getAllClaimsFromToken(java.lang.String)
[ERROR]   location: class com.Blog_Application.Security.jwtTokenHelper
[ERROR] 
[ERROR] -> [Help 1]
[ERROR] 
[ERROR] To see the full stack trace of the errors, re-run Maven with the -e switch.
[ERROR] Re-run Maven using the -X switch to enable full debug logging.
[ERROR] 
[ERROR] For more information about the errors and possible solutions, please read the following articles:
[ERROR] [Help 1] http://cwiki.apache.org/confluence/display/MAVEN/MojoFailureException


